<?xml version="1.0" encoding="UTF-8"?>
<testng-results skipped="0" failed="0" ignored="0" total="0" passed="0">
  <reporter-output>
  </reporter-output>
  <suite name="Default suite" duration-ms="22" started-at="2020-05-11T15:12:32 EDT" finished-at="2020-05-11T15:12:32 EDT">
    <groups>
    </groups>
    <test name="Default test" duration-ms="22" started-at="2020-05-11T15:12:32 EDT" finished-at="2020-05-11T15:12:32 EDT">
    </test> <!-- Default test -->
  </suite> <!-- Default suite -->
</testng-results>
